android/build/intermediates/manifest_merge_blame_file/debug/manifest-merger-blame-debug-report.txt
1<?xml version="1.0" encoding="utf-8"?>
2<manifest xmlns:android="http://schemas.android.com/apk/res/android"
3    package="com.leeskies.capacitorpdfprinter" >
4
5    <uses-sdk android:minSdkVersion="22" />
5-->src/main/AndroidManifest.xml
6
7    <uses-permission android:name="android.permission.INTERNET" />
7-->src/main/AndroidManifest.xml:2:5-66
7-->src/main/AndroidManifest.xml:2:22-64
8    <uses-permission android:name="android.permission.WRITE_EXTERNAL_STORAGE" />
8-->src/main/AndroidManifest.xml:3:5-80
8-->src/main/AndroidManifest.xml:3:22-78
9
10</manifest>